1668705698818	geckodriver	INFO	Listening on 127.0.0.1:49785
1668705698822	mozrunner::runner	INFO	Running command: "/usr/bin/firefox" "--marionette" "--remote-debugging-port" "47133" "--remote-allow-hosts" "localhost" "-no-remote" "-profile" "/tmp/rust_mozprofilebTCIrs"
ATTENTION: default value of option mesa_glthread overridden by environment.
ATTENTION: default value of option mesa_glthread overridden by environment.
ATTENTION: default value of option mesa_glthread overridden by environment.
ATTENTION: default value of option mesa_glthread overridden by environment.
1668705699681	Marionette	INFO	Marionette enabled
1668705699686	Marionette	INFO	Listening on port 42091
Read port: 42091
WebDriver BiDi listening on ws://127.0.0.1:47133
1668705699785	RemoteAgent	WARN	TLS certificate errors will be ignored for this session
console.warn: SearchSettings: "get: No settings file exists, new profile?" (new NotFoundError("Could not open the file at /tmp/rust_mozprofilebTCIrs/search.json.mozlz4", (void 0)))
DevTools listening on ws://127.0.0.1:47133/devtools/browser/7cb6c0a7-309d-4910-bd09-3196d7673c49
JavaScript error: https://media.ethicalads.io/media/client/v1.4.0/ethicalads.min.js, line 1: Error: No ad placements found.
JavaScript error: resource:///actors/FormValidationChild.sys.mjs, line 178: TypeError: this._element is null
1668706184404	geckodriver	INFO	Listening on 127.0.0.1:41331
1668706184909	mozrunner::runner	INFO	Running command: "/usr/bin/firefox" "--marionette" "--remote-debugging-port" "47055" "--remote-allow-hosts" "localhost" "-no-remote" "-profile" "/tmp/rust_mozprofilem31btP"
ATTENTION: default value of option mesa_glthread overridden by environment.
ATTENTION: default value of option mesa_glthread overridden by environment.
ATTENTION: default value of option mesa_glthread overridden by environment.
ATTENTION: default value of option mesa_glthread overridden by environment.
1668706185961	Marionette	INFO	Marionette enabled
1668706185965	Marionette	INFO	Listening on port 39121
Read port: 39121
WebDriver BiDi listening on ws://127.0.0.1:47055
1668706186068	RemoteAgent	WARN	TLS certificate errors will be ignored for this session
console.warn: SearchSettings: "get: No settings file exists, new profile?" (new NotFoundError("Could not open the file at /tmp/rust_mozprofilem31btP/search.json.mozlz4", (void 0)))
DevTools listening on ws://127.0.0.1:47055/devtools/browser/611d4bfd-4463-4673-98fa-2a8ac2dde648
1668706203612	Marionette	INFO	Stopped listening on port 39121
console.warn: TopSitesFeed: Failed to fetch data from Contile server: NetworkError when attempting to fetch resource.
Sandbox: Unexpected EOF, op 0 flags 00 path /proc/cpuinfo
1668706205813	geckodriver	INFO	Listening on 127.0.0.1:46533
1668706205816	mozrunner::runner	INFO	Running command: "/usr/bin/firefox" "--marionette" "--remote-debugging-port" "38291" "--remote-allow-hosts" "localhost" "-no-remote" "-profile" "/tmp/rust_mozprofileVcUNof"
ATTENTION: default value of option mesa_glthread overridden by environment.
ATTENTION: default value of option mesa_glthread overridden by environment.
ATTENTION: default value of option mesa_glthread overridden by environment.
ATTENTION: default value of option mesa_glthread overridden by environment.
1668706206709	Marionette	INFO	Marionette enabled
1668706206713	Marionette	INFO	Listening on port 34229
Read port: 34229
WebDriver BiDi listening on ws://127.0.0.1:38291
1668706206810	RemoteAgent	WARN	TLS certificate errors will be ignored for this session
console.warn: SearchSettings: "get: No settings file exists, new profile?" (new NotFoundError("Could not open the file at /tmp/rust_mozprofileVcUNof/search.json.mozlz4", (void 0)))
DevTools listening on ws://127.0.0.1:38291/devtools/browser/fd36c0a9-3a7e-40dd-b57f-2a774476f5d5
1668706735980	geckodriver	INFO	Listening on 127.0.0.1:43787
1668706735984	mozrunner::runner	INFO	Running command: "/usr/bin/firefox" "--marionette" "--remote-debugging-port" "47609" "--remote-allow-hosts" "localhost" "-no-remote" "-profile" "/tmp/rust_mozprofileHUxHSZ"
ATTENTION: default value of option mesa_glthread overridden by environment.
ATTENTION: default value of option mesa_glthread overridden by environment.
ATTENTION: default value of option mesa_glthread overridden by environment.
ATTENTION: default value of option mesa_glthread overridden by environment.
1668706736792	Marionette	INFO	Marionette enabled
1668706736796	Marionette	INFO	Listening on port 45017
WebDriver BiDi listening on ws://127.0.0.1:47609
Read port: 45017
1668706737034	RemoteAgent	WARN	TLS certificate errors will be ignored for this session
console.warn: SearchSettings: "get: No settings file exists, new profile?" (new NotFoundError("Could not open the file at /tmp/rust_mozprofileHUxHSZ/search.json.mozlz4", (void 0)))
DevTools listening on ws://127.0.0.1:47609/devtools/browser/85e9fcd1-88d4-4bb0-ab86-eb91966d18a1
JavaScript warning: https://books.toscrape.com/static/oscar/js/jquery/jquery-1.9.1.min.js, line 2: Using //@ to indicate sourceMappingURL pragmas is deprecated. Use //# instead
JavaScript warning: https://books.toscrape.com/static/oscar/js/jquery/jquery-1.9.1.min.js, line 2: Using //@ to indicate sourceMappingURL pragmas is deprecated. Use //# instead
1668706760248	Marionette	INFO	Stopped listening on port 34229
console.warn: TopSitesFeed: Failed to fetch data from Contile server: NetworkError when attempting to fetch resource.
Sandbox: Unexpected EOF, op 0 flags 00 path /proc/cpuinfo
1668706761070	Marionette	INFO	Stopped listening on port 42091
console.warn: TopSitesFeed: Failed to fetch data from Contile server: NetworkError when attempting to fetch resource.
1668707124041	geckodriver	INFO	Listening on 127.0.0.1:47025
1668707124045	mozrunner::runner	INFO	Running command: "/usr/bin/firefox" "--marionette" "--remote-debugging-port" "58439" "--remote-allow-hosts" "localhost" "-no-remote" "-profile" "/tmp/rust_mozprofileLEAXgE"
ATTENTION: default value of option mesa_glthread overridden by environment.
ATTENTION: default value of option mesa_glthread overridden by environment.
ATTENTION: default value of option mesa_glthread overridden by environment.
ATTENTION: default value of option mesa_glthread overridden by environment.
1668707124808	Marionette	INFO	Marionette enabled
1668707124811	Marionette	INFO	Listening on port 39593
Read port: 39593
WebDriver BiDi listening on ws://127.0.0.1:58439
1668707124908	RemoteAgent	WARN	TLS certificate errors will be ignored for this session
console.warn: SearchSettings: "get: No settings file exists, new profile?" (new NotFoundError("Could not open the file at /tmp/rust_mozprofileLEAXgE/search.json.mozlz4", (void 0)))
DevTools listening on ws://127.0.0.1:58439/devtools/browser/70c1bcf4-6820-4829-9943-a6e994cbaf41
JavaScript warning: https://books.toscrape.com/static/oscar/js/jquery/jquery-1.9.1.min.js, line 2: Using //@ to indicate sourceMappingURL pragmas is deprecated. Use //# instead
JavaScript warning: https://books.toscrape.com/static/oscar/js/jquery/jquery-1.9.1.min.js, line 2: Using //@ to indicate sourceMappingURL pragmas is deprecated. Use //# instead
JavaScript warning: https://books.toscrape.com/static/oscar/js/jquery/jquery-1.9.1.min.js, line 2: Using //@ to indicate sourceMappingURL pragmas is deprecated. Use //# instead
JavaScript warning: https://books.toscrape.com/static/oscar/js/jquery/jquery-1.9.1.min.js, line 2: Using //@ to indicate sourceMappingURL pragmas is deprecated. Use //# instead
1668707430050	geckodriver	INFO	Listening on 127.0.0.1:43683
1668707430054	mozrunner::runner	INFO	Running command: "/usr/bin/firefox" "--marionette" "--remote-debugging-port" "52743" "--remote-allow-hosts" "localhost" "-no-remote" "-profile" "/tmp/rust_mozprofilebgyTz1"
ATTENTION: default value of option mesa_glthread overridden by environment.
ATTENTION: default value of option mesa_glthread overridden by environment.
ATTENTION: default value of option mesa_glthread overridden by environment.
ATTENTION: default value of option mesa_glthread overridden by environment.
1668707430916	Marionette	INFO	Marionette enabled
1668707430920	Marionette	INFO	Listening on port 38621
Read port: 38621
WebDriver BiDi listening on ws://127.0.0.1:52743
1668707431017	RemoteAgent	WARN	TLS certificate errors will be ignored for this session
console.warn: SearchSettings: "get: No settings file exists, new profile?" (new NotFoundError("Could not open the file at /tmp/rust_mozprofilebgyTz1/search.json.mozlz4", (void 0)))
DevTools listening on ws://127.0.0.1:52743/devtools/browser/bd1d0ce4-4a7e-4243-ac5e-8c2fce7a27ed
JavaScript warning: https://books.toscrape.com/static/oscar/js/jquery/jquery-1.9.1.min.js, line 2: Using //@ to indicate sourceMappingURL pragmas is deprecated. Use //# instead
JavaScript warning: https://books.toscrape.com/static/oscar/js/jquery/jquery-1.9.1.min.js, line 2: Using //@ to indicate sourceMappingURL pragmas is deprecated. Use //# instead
JavaScript warning: https://books.toscrape.com/static/oscar/js/jquery/jquery-1.9.1.min.js, line 2: Using //@ to indicate sourceMappingURL pragmas is deprecated. Use //# instead
JavaScript warning: https://books.toscrape.com/static/oscar/js/jquery/jquery-1.9.1.min.js, line 2: Using //@ to indicate sourceMappingURL pragmas is deprecated. Use //# instead
1668707654073	geckodriver	INFO	Listening on 127.0.0.1:41535
1668707654077	mozrunner::runner	INFO	Running command: "/usr/bin/firefox" "--marionette" "--remote-debugging-port" "58719" "--remote-allow-hosts" "localhost" "-no-remote" "-profile" "/tmp/rust_mozprofile65wGsC"
ATTENTION: default value of option mesa_glthread overridden by environment.
ATTENTION: default value of option mesa_glthread overridden by environment.
ATTENTION: default value of option mesa_glthread overridden by environment.
ATTENTION: default value of option mesa_glthread overridden by environment.
1668707655098	Marionette	INFO	Marionette enabled
1668707655102	Marionette	INFO	Listening on port 45967
WebDriver BiDi listening on ws://127.0.0.1:58719
Read port: 45967
1668707655396	RemoteAgent	WARN	TLS certificate errors will be ignored for this session
console.warn: SearchSettings: "get: No settings file exists, new profile?" (new NotFoundError("Could not open the file at /tmp/rust_mozprofile65wGsC/search.json.mozlz4", (void 0)))
DevTools listening on ws://127.0.0.1:58719/devtools/browser/61ec39eb-ca98-4805-85f6-f501abce0cd4
1668707657759	geckodriver	INFO	Listening on 127.0.0.1:48967
1668707658266	mozrunner::runner	INFO	Running command: "/usr/bin/firefox" "--marionette" "--headless" "--remote-debugging-port" "37437" "--remote-allow-hosts" "localhost" "-no-remote" "-profile" "/tmp/rust_mozprofile7ItvP3"
*** You are running in headless mode.
1668707658970	Marionette	INFO	Marionette enabled
1668707658973	Marionette	INFO	Listening on port 35141
Read port: 35141
WebDriver BiDi listening on ws://127.0.0.1:37437
1668707659129	RemoteAgent	WARN	TLS certificate errors will be ignored for this session
[GFX1-]: RenderCompositorSWGL failed mapping default framebuffer, no dt
console.warn: SearchSettings: "get: No settings file exists, new profile?" (new NotFoundError("Could not open the file at /tmp/rust_mozprofile7ItvP3/search.json.mozlz4", (void 0)))
DevTools listening on ws://127.0.0.1:37437/devtools/browser/03e56353-11e2-4aa1-aa6b-fbd9760324dc
JavaScript warning: https://books.toscrape.com/static/oscar/js/jquery/jquery-1.9.1.min.js, line 2: Using //@ to indicate sourceMappingURL pragmas is deprecated. Use //# instead
JavaScript warning: https://books.toscrape.com/static/oscar/js/jquery/jquery-1.9.1.min.js, line 2: Using //@ to indicate sourceMappingURL pragmas is deprecated. Use //# instead
JavaScript warning: https://books.toscrape.com/static/oscar/js/jquery/jquery-1.9.1.min.js, line 2: Using //@ to indicate sourceMappingURL pragmas is deprecated. Use //# instead
JavaScript warning: https://books.toscrape.com/static/oscar/js/jquery/jquery-1.9.1.min.js, line 2: Using //@ to indicate sourceMappingURL pragmas is deprecated. Use //# instead
1668707688090	Marionette	INFO	Stopped listening on port 45017
console.warn: TopSitesFeed: Failed to fetch data from Contile server: NetworkError when attempting to fetch resource.
1668707689332	Marionette	INFO	Stopped listening on port 39593
console.warn: TopSitesFeed: Failed to fetch data from Contile server: NetworkError when attempting to fetch resource.
1668707690694	Marionette	INFO	Stopped listening on port 38621
console.warn: TopSitesFeed: Failed to fetch data from Contile server: NetworkError when attempting to fetch resource.
Sandbox: Unexpected EOF, op 0 flags 00 path /proc/cpuinfo
